app/build/outputs/logs/manifest-merger-debug-report.txt
-- Merging decision tree log ---
manifest
ADDED from src\main\AndroidManifest.xml:2:1-128:12
	package
		ADDED from src\main\AndroidManifest.xml:3:5-39
		INJECTED from src\main\AndroidManifest.xml
		INJECTED from src\main\AndroidManifest.xml
	android:versionName
		INJECTED from src\main\AndroidManifest.xml
		INJECTED from src\main\AndroidManifest.xml
	xmlns:android
		ADDED from src\main\AndroidManifest.xml:2:11-69
	android:versionCode
		INJECTED from src\main\AndroidManifest.xml
		INJECTED from src\main\AndroidManifest.xml
permission#com.android.fuayng.mhome.permission.JPUSH_MESSAGE
ADDED from src\main\AndroidManifest.xml:5:5-119
	android:protectionLevel
		ADDED from src\main\AndroidManifest.xml:5:17-52
	android:name
		ADDED from src\main\AndroidManifest.xml:5:53-117
uses-permission#com.android.fuayng.mhome.permission.JPUSH_MESSAGE
ADDED from src\main\AndroidManifest.xml:7:5-88
	android:name
		ADDED from src\main\AndroidManifest.xml:7:22-86
uses-permission#android.permission.RECEIVE_USER_PRESENT
ADDED from src\main\AndroidManifest.xml:9:5-78
MERGED from [cn.jiguang:jpush:2.1.8] AndroidManifest.xml:17:5-79
	android:name
		ADDED from src\main\AndroidManifest.xml:9:22-76
uses-permission#android.permission.INTERNET
ADDED from src\main\AndroidManifest.xml:11:5-66
MERGED from [cn.jiguang:jpush:2.1.8] AndroidManifest.xml:18:5-67
MERGED from [com.lzy.net:okgo:2.1.4] AndroidManifest.xml:11:5-67
	android:name
		ADDED from src\main\AndroidManifest.xml:11:22-64
uses-permission#android.permission.WAKE_LOCK
ADDED from src\main\AndroidManifest.xml:13:5-67
MERGED from [cn.jiguang:jpush:2.1.8] AndroidManifest.xml:19:5-68
	android:name
		ADDED from src\main\AndroidManifest.xml:13:22-65
uses-permission#android.permission.READ_PHONE_STATE
ADDED from src\main\AndroidManifest.xml:15:5-74
MERGED from [cn.jiguang:jpush:2.1.8] AndroidManifest.xml:20:5-75
	android:name
		ADDED from src\main\AndroidManifest.xml:15:22-72
uses-permission#android.permission.WRITE_EXTERNAL_STORAGE
ADDED from src\main\AndroidManifest.xml:17:5-80
MERGED from [cn.jiguang:jpush:2.1.8] AndroidManifest.xml:21:5-81
MERGED from [com.lzy.net:okgo:2.1.4] AndroidManifest.xml:13:5-81
	android:name
		ADDED from src\main\AndroidManifest.xml:17:22-78
uses-permission#android.permission.READ_EXTERNAL_STORAGE
ADDED from src\main\AndroidManifest.xml:19:5-79
MERGED from [cn.jiguang:jpush:2.1.8] AndroidManifest.xml:22:5-80
MERGED from [com.lzy.net:okgo:2.1.4] AndroidManifest.xml:12:5-80
	android:name
		ADDED from src\main\AndroidManifest.xml:19:22-77
uses-permission#android.permission.WRITE_SETTINGS
ADDED from src\main\AndroidManifest.xml:21:5-72
MERGED from [cn.jiguang:jpush:2.1.8] AndroidManifest.xml:23:5-73
	android:name
		ADDED from src\main\AndroidManifest.xml:21:22-70
uses-permission#android.permission.VIBRATE
ADDED from src\main\AndroidManifest.xml:23:5-65
MERGED from [cn.jiguang:jpush:2.1.8] AndroidManifest.xml:24:5-66
	android:name
		ADDED from src\main\AndroidManifest.xml:23:22-63
uses-permission#android.permission.MOUNT_UNMOUNT_FILESYSTEMS
ADDED from src\main\AndroidManifest.xml:25:5-83
MERGED from [cn.jiguang:jpush:2.1.8] AndroidManifest.xml:25:5-84
MERGED from [com.lzy.net:okgo:2.1.4] AndroidManifest.xml:14:5-84
	android:name
		ADDED from src\main\AndroidManifest.xml:25:22-81
uses-permission#android.permission.ACCESS_NETWORK_STATE
ADDED from src\main\AndroidManifest.xml:27:5-78
MERGED from [cn.jiguang:jpush:2.1.8] AndroidManifest.xml:26:5-79
	android:name
		ADDED from src\main\AndroidManifest.xml:27:22-76
uses-permission#android.permission.ACCESS_WIFI_STATE
ADDED from src\main\AndroidManifest.xml:29:5-75
MERGED from [cn.jiguang:jpush:2.1.8] AndroidManifest.xml:27:5-76
	android:name
		ADDED from src\main\AndroidManifest.xml:29:22-73
uses-permission#android.permission.SYSTEM_ALERT_WINDOW
ADDED from src\main\AndroidManifest.xml:31:5-77
	android:name
		ADDED from src\main\AndroidManifest.xml:31:22-75
uses-permission#android.permission.ACCESS_COARSE_LOCATION
ADDED from src\main\AndroidManifest.xml:34:5-80
MERGED from [cn.jiguang:jpush:2.1.8] AndroidManifest.xml:30:5-81
	android:name
		ADDED from src\main\AndroidManifest.xml:34:22-78
uses-permission#android.permission.CHANGE_WIFI_STATE
ADDED from src\main\AndroidManifest.xml:36:5-75
MERGED from [cn.jiguang:jpush:2.1.8] AndroidManifest.xml:31:5-76
	android:name
		ADDED from src\main\AndroidManifest.xml:36:22-73
uses-permission#android.permission.ACCESS_FINE_LOCATION
ADDED from src\main\AndroidManifest.xml:38:5-78
MERGED from [cn.jiguang:jpush:2.1.8] AndroidManifest.xml:32:5-79
	android:name
		ADDED from src\main\AndroidManifest.xml:38:22-76
uses-permission#android.permission.ACCESS_LOCATION_EXTRA_COMMANDS
ADDED from src\main\AndroidManifest.xml:40:5-88
MERGED from [cn.jiguang:jpush:2.1.8] AndroidManifest.xml:33:5-89
	android:name
		ADDED from src\main\AndroidManifest.xml:40:22-86
uses-permission#android.permission.CHANGE_NETWORK_STATE
ADDED from src\main\AndroidManifest.xml:42:5-78
MERGED from [cn.jiguang:jpush:2.1.8] AndroidManifest.xml:34:5-79
	android:name
		ADDED from src\main\AndroidManifest.xml:42:22-76
uses-permission#android.permission.GET_TASKS
ADDED from src\main\AndroidManifest.xml:44:5-67
	android:name
		ADDED from src\main\AndroidManifest.xml:44:22-65
application
ADDED from src\main\AndroidManifest.xml:46:5-126:19
MERGED from [com.android.support:design:25.1.0] AndroidManifest.xml:25:5-20
MERGED from [com.android.support:appcompat-v7:25.2.0] AndroidManifest.xml:25:5-20
MERGED from [com.android.support:animated-vector-drawable:25.2.0] AndroidManifest.xml:22:5-20
MERGED from [com.android.support:support-vector-drawable:25.2.0] AndroidManifest.xml:23:5-20
MERGED from [com.android.support:transition:25.1.0] AndroidManifest.xml:22:5-20
MERGED from [com.android.support:support-v4:25.2.0] AndroidManifest.xml:25:5-20
MERGED from [com.android.support:support-fragment:25.2.0] AndroidManifest.xml:25:5-20
MERGED from [com.android.support:support-media-compat:25.2.0] AndroidManifest.xml:25:5-20
MERGED from [com.android.support:support-core-ui:25.2.0] AndroidManifest.xml:25:5-20
MERGED from [com.android.support:support-core-utils:25.2.0] AndroidManifest.xml:25:5-20
MERGED from [com.android.support:support-compat:25.2.0] AndroidManifest.xml:25:5-20
MERGED from [de.hdodenhof:circleimageview:1.3.0] AndroidManifest.xml:9:5-20
MERGED from [com.android.support:cardview-v7:25.1.0] AndroidManifest.xml:22:5-20
MERGED from [cn.jiguang:jpush:2.1.8] AndroidManifest.xml:36:5-127:19
MERGED from [com.lzy.net:okserver:1.1.3] AndroidManifest.xml:11:5-13:19
	android:label
		ADDED from src\main\AndroidManifest.xml:50:9-41
	android:supportsRtl
		ADDED from src\main\AndroidManifest.xml:51:9-35
	android:allowBackup
		ADDED from src\main\AndroidManifest.xml:48:9-35
	android:icon
		ADDED from src\main\AndroidManifest.xml:49:9-43
	android:theme
		ADDED from src\main\AndroidManifest.xml:52:9-40
	android:name
		ADDED from src\main\AndroidManifest.xml:47:9-40
activity#com.android.fuayng.mhome.MainActivity
ADDED from src\main\AndroidManifest.xml:53:9-61:20
	android:screenOrientation
		ADDED from src\main\AndroidManifest.xml:54:13-49
	android:name
		ADDED from src\main\AndroidManifest.xml:53:19-47
intent-filter#android.intent.action.MAIN+android.intent.category.LAUNCHER
ADDED from src\main\AndroidManifest.xml:56:13-60:29
action#android.intent.action.MAIN
ADDED from src\main\AndroidManifest.xml:57:17-69
	android:name
		ADDED from src\main\AndroidManifest.xml:57:25-66
category#android.intent.category.LAUNCHER
ADDED from src\main\AndroidManifest.xml:59:17-77
	android:name
		ADDED from src\main\AndroidManifest.xml:59:27-74
activity#com.android.fuayng.mhome.activity.HomedetailsActivity
ADDED from src\main\AndroidManifest.xml:62:9-65:51
	android:screenOrientation
		ADDED from src\main\AndroidManifest.xml:65:13-49
	android:configChanges
		ADDED from src\main\AndroidManifest.xml:64:13-74
	android:name
		ADDED from src\main\AndroidManifest.xml:63:13-57
receiver#com.android.fuayng.mhome.jpush.MyReceiver
ADDED from src\main\AndroidManifest.xml:67:9-80:20
	android:enabled
		ADDED from src\main\AndroidManifest.xml:69:13-35
	android:exported
		ADDED from src\main\AndroidManifest.xml:70:13-37
	android:name
		ADDED from src\main\AndroidManifest.xml:68:13-45
intent-filter#cn.jpush.android.intent.ACTION_RICHPUSH_CALLBACK+cn.jpush.android.intent.CONNECTION+cn.jpush.android.intent.MESSAGE_RECEIVED+cn.jpush.android.intent.NOTIFICATION_OPENED+cn.jpush.android.intent.NOTIFICATION_RECEIVED+cn.jpush.android.intent.REGISTRATION+com.android.fuayng.mhome
ADDED from src\main\AndroidManifest.xml:71:13-79:29
action#cn.jpush.android.intent.REGISTRATION
ADDED from src\main\AndroidManifest.xml:72:17-79
	android:name
		ADDED from src\main\AndroidManifest.xml:72:25-76
action#cn.jpush.android.intent.MESSAGE_RECEIVED
ADDED from src\main\AndroidManifest.xml:73:17-83
	android:name
		ADDED from src\main\AndroidManifest.xml:73:25-80
action#cn.jpush.android.intent.NOTIFICATION_RECEIVED
ADDED from src\main\AndroidManifest.xml:74:17-88
	android:name
		ADDED from src\main\AndroidManifest.xml:74:25-85
action#cn.jpush.android.intent.NOTIFICATION_OPENED
ADDED from src\main\AndroidManifest.xml:75:17-86
	android:name
		ADDED from src\main\AndroidManifest.xml:75:25-83
action#cn.jpush.android.intent.ACTION_RICHPUSH_CALLBACK
ADDED from src\main\AndroidManifest.xml:76:17-91
	android:name
		ADDED from src\main\AndroidManifest.xml:76:25-88
action#cn.jpush.android.intent.CONNECTION
ADDED from src\main\AndroidManifest.xml:77:17-77
	android:name
		ADDED from src\main\AndroidManifest.xml:77:25-74
category#com.android.fuayng.mhome
ADDED from src\main\AndroidManifest.xml:78:17-69
	android:name
		ADDED from src\main\AndroidManifest.xml:78:27-66
activity#cn.jpush.android.ui.PushActivity
ADDED from src\main\AndroidManifest.xml:82:9-92:20
MERGED from [cn.jiguang:jpush:2.1.8] AndroidManifest.xml:45:9-56:20
	android:exported
		ADDED from src\main\AndroidManifest.xml:86:13-37
	android:configChanges
		ADDED from src\main\AndroidManifest.xml:84:13-63
	android:theme
		ADDED from src\main\AndroidManifest.xml:85:13-60
	android:name
		ADDED from src\main\AndroidManifest.xml:83:13-60
intent-filter#android.intent.category.DEFAULT+cn.jpush.android.ui.PushActivity+com.android.fuayng.mhome
ADDED from src\main\AndroidManifest.xml:87:13-91:29
action#cn.jpush.android.ui.PushActivity
ADDED from src\main\AndroidManifest.xml:88:17-75
	android:name
		ADDED from src\main\AndroidManifest.xml:88:25-72
category#android.intent.category.DEFAULT
ADDED from src\main\AndroidManifest.xml:89:17-76
	android:name
		ADDED from src\main\AndroidManifest.xml:89:27-73
activity#cn.jpush.android.ui.PopWinActivity
ADDED from src\main\AndroidManifest.xml:94:9-103:20
MERGED from [cn.jiguang:jpush:2.1.8] AndroidManifest.xml:39:9-42:52
	android:exported
		ADDED from src\main\AndroidManifest.xml:97:13-37
	android:configChanges
		ADDED from src\main\AndroidManifest.xml:96:13-63
	android:theme
		ADDED from src\main\AndroidManifest.xml:98:13-49
	android:name
		ADDED from src\main\AndroidManifest.xml:95:13-62
intent-filter#android.intent.category.DEFAULT+com.android.fuayng.mhome
ADDED from src\main\AndroidManifest.xml:99:13-102:29
service#cn.jpush.android.service.DownloadService
ADDED from src\main\AndroidManifest.xml:106:9-110:19
MERGED from [cn.jiguang:jpush:2.1.8] AndroidManifest.xml:58:9-61:40
	android:enabled
		ADDED from src\main\AndroidManifest.xml:108:13-35
	android:exported
		ADDED from src\main\AndroidManifest.xml:109:13-37
	android:name
		ADDED from src\main\AndroidManifest.xml:107:13-68
receiver#cn.jpush.android.service.AlarmReceiver
ADDED from src\main\AndroidManifest.xml:113:9-75
MERGED from [cn.jiguang:jpush:2.1.8] AndroidManifest.xml:115:9-117:40
	android:exported
		ADDED from [cn.jiguang:jpush:2.1.8] AndroidManifest.xml:117:13-37
	android:name
		ADDED from src\main\AndroidManifest.xml:113:19-72
meta-data#JPUSH_CHANNEL
ADDED from src\main\AndroidManifest.xml:122:9-84
MERGED from [cn.jiguang:jpush:2.1.8] AndroidManifest.xml:120:9-122:48
	android:value
		ADDED from src\main\AndroidManifest.xml:122:49-82
	android:name
		ADDED from src\main\AndroidManifest.xml:122:20-48
meta-data#JPUSH_APPKEY
ADDED from src\main\AndroidManifest.xml:124:9-90
MERGED from [cn.jiguang:jpush:2.1.8] AndroidManifest.xml:123:9-125:47
	android:value
		ADDED from src\main\AndroidManifest.xml:124:48-88
	android:name
		ADDED from src\main\AndroidManifest.xml:124:20-47
uses-sdk
INJECTED from src\main\AndroidManifest.xml reason: use-sdk injection requested
MERGED from [com.jakewharton:butterknife:8.2.1] AndroidManifest.xml:5:5-43
MERGED from [com.ycl.tabview.library:tabviewlibrary:1.0] AndroidManifest.xml:8:5-10:41
MERGED from [com.bigkoo:convenientbanner:2.0.5] AndroidManifest.xml:7:5-44
MERGED from [com.ToxicBakery.viewpager.transforms:view-pager-transforms:1.2.32] AndroidManifest.xml:23:5-25:41
MERGED from [com.android.support:design:25.1.0] AndroidManifest.xml:21:5-23:62
MERGED from [com.android.support:appcompat-v7:25.2.0] AndroidManifest.xml:21:5-23:78
MERGED from [com.android.support:animated-vector-drawable:25.2.0] AndroidManifest.xml:20:5-44
MERGED from [com.android.support:support-vector-drawable:25.2.0] AndroidManifest.xml:21:5-43
MERGED from [com.android.support:recyclerview-v7:25.1.0] AndroidManifest.xml:20:5-43
MERGED from [com.android.support:transition:25.1.0] AndroidManifest.xml:20:5-44
MERGED from [com.android.support:support-v4:25.2.0] AndroidManifest.xml:21:5-23:54
MERGED from [com.android.support:support-fragment:25.2.0] AndroidManifest.xml:21:5-23:60
MERGED from [com.android.support:support-media-compat:25.2.0] AndroidManifest.xml:21:5-23:63
MERGED from [com.android.support:support-core-ui:25.2.0] AndroidManifest.xml:21:5-23:58
MERGED from [com.android.support:support-core-utils:25.2.0] AndroidManifest.xml:21:5-23:61
MERGED from [com.android.support:support-compat:25.2.0] AndroidManifest.xml:21:5-23:58
MERGED from [de.hdodenhof:circleimageview:1.3.0] AndroidManifest.xml:5:5-7:41
MERGED from [com.android.support:cardview-v7:25.1.0] AndroidManifest.xml:20:5-43
MERGED from [cn.jiguang:jpush:2.1.8] AndroidManifest.xml:7:5-9:41
MERGED from [com.lzy.net:okrx:0.1.2] AndroidManifest.xml:8:5-10:41
MERGED from [io.reactivex:rxandroid:1.2.1] AndroidManifest.xml:19:5-43
MERGED from [com.lzy.net:okserver:1.1.3] AndroidManifest.xml:7:5-9:41
MERGED from [com.lzy.net:okgo:2.1.4] AndroidManifest.xml:7:5-9:41
	tools:overrideLibrary
		ADDED from [com.android.support:design:25.1.0] AndroidManifest.xml:23:9-59
	android:targetSdkVersion
		INJECTED from src\main\AndroidManifest.xml
		INJECTED from src\main\AndroidManifest.xml
	android:minSdkVersion
		INJECTED from src\main\AndroidManifest.xml
		INJECTED from src\main\AndroidManifest.xml
permission#${JPUSH_PKGNAME}.permission.JPUSH_MESSAGE
ADDED from [cn.jiguang:jpush:2.1.8] AndroidManifest.xml:11:5-13:47
	android:protectionLevel
		ADDED from [cn.jiguang:jpush:2.1.8] AndroidManifest.xml:13:9-44
	android:name
		ADDED from [cn.jiguang:jpush:2.1.8] AndroidManifest.xml:12:9-65
uses-permission#${JPUSH_PKGNAME}.permission.JPUSH_MESSAGE
ADDED from [cn.jiguang:jpush:2.1.8] AndroidManifest.xml:16:5-81
	android:name
		ADDED from [cn.jiguang:jpush:2.1.8] AndroidManifest.xml:16:22-78
intent-filter#${JPUSH_PKGNAME}+android.intent.category.DEFAULT+cn.jpush.android.ui.PushActivity
ADDED from [cn.jiguang:jpush:2.1.8] AndroidManifest.xml:50:13-55:29
category#${JPUSH_PKGNAME}
ADDED from [cn.jiguang:jpush:2.1.8] AndroidManifest.xml:54:17-61
	android:name
		ADDED from [cn.jiguang:jpush:2.1.8] AndroidManifest.xml:54:27-58
service#cn.jpush.android.service.PushService
ADDED from [cn.jiguang:jpush:2.1.8] AndroidManifest.xml:65:9-76:19
	android:enabled
		ADDED from [cn.jiguang:jpush:2.1.8] AndroidManifest.xml:67:13-35
	android:process
		ADDED from [cn.jiguang:jpush:2.1.8] AndroidManifest.xml:69:13-40
	android:exported
		ADDED from [cn.jiguang:jpush:2.1.8] AndroidManifest.xml:68:13-37
	android:name
		ADDED from [cn.jiguang:jpush:2.1.8] AndroidManifest.xml:66:13-64
intent-filter#cn.jpush.android.intent.PUSH_TIME+cn.jpush.android.intent.PushService+cn.jpush.android.intent.REGISTER+cn.jpush.android.intent.REPORT
ADDED from [cn.jiguang:jpush:2.1.8] AndroidManifest.xml:70:13-75:29
action#cn.jpush.android.intent.REGISTER
ADDED from [cn.jiguang:jpush:2.1.8] AndroidManifest.xml:71:17-75
	android:name
		ADDED from [cn.jiguang:jpush:2.1.8] AndroidManifest.xml:71:25-72
action#cn.jpush.android.intent.REPORT
ADDED from [cn.jiguang:jpush:2.1.8] AndroidManifest.xml:72:17-73
	android:name
		ADDED from [cn.jiguang:jpush:2.1.8] AndroidManifest.xml:72:25-70
action#cn.jpush.android.intent.PushService
ADDED from [cn.jiguang:jpush:2.1.8] AndroidManifest.xml:73:17-78
	android:name
		ADDED from [cn.jiguang:jpush:2.1.8] AndroidManifest.xml:73:25-75
action#cn.jpush.android.intent.PUSH_TIME
ADDED from [cn.jiguang:jpush:2.1.8] AndroidManifest.xml:74:17-76
	android:name
		ADDED from [cn.jiguang:jpush:2.1.8] AndroidManifest.xml:74:25-73
service#cn.jpush.android.service.DaemonService
ADDED from [cn.jiguang:jpush:2.1.8] AndroidManifest.xml:80:9-89:19
	android:enabled
		ADDED from [cn.jiguang:jpush:2.1.8] AndroidManifest.xml:82:13-35
	android:exported
		ADDED from [cn.jiguang:jpush:2.1.8] AndroidManifest.xml:83:13-36
	android:name
		ADDED from [cn.jiguang:jpush:2.1.8] AndroidManifest.xml:81:13-66
intent-filter#${JPUSH_PKGNAME}+cn.jpush.android.intent.DaemonService
ADDED from [cn.jiguang:jpush:2.1.8] AndroidManifest.xml:84:13-88:29
action#cn.jpush.android.intent.DaemonService
ADDED from [cn.jiguang:jpush:2.1.8] AndroidManifest.xml:85:17-80
	android:name
		ADDED from [cn.jiguang:jpush:2.1.8] AndroidManifest.xml:85:25-77
receiver#cn.jpush.android.service.PushReceiver
ADDED from [cn.jiguang:jpush:2.1.8] AndroidManifest.xml:92:9-112:20
	android:enabled
		ADDED from [cn.jiguang:jpush:2.1.8] AndroidManifest.xml:94:13-35
	android:process
		ADDED from [cn.jiguang:jpush:2.1.8] AndroidManifest.xml:96:13-40
	android:exported
		ADDED from [cn.jiguang:jpush:2.1.8] AndroidManifest.xml:95:13-37
	android:name
		ADDED from [cn.jiguang:jpush:2.1.8] AndroidManifest.xml:93:13-65
intent-filter#${JPUSH_PKGNAME}+cn.jpush.android.intent.NOTIFICATION_RECEIVED_PROXY
ADDED from [cn.jiguang:jpush:2.1.8] AndroidManifest.xml:97:13-100:29
	android:priority
		ADDED from [cn.jiguang:jpush:2.1.8] AndroidManifest.xml:97:28-51
action#cn.jpush.android.intent.NOTIFICATION_RECEIVED_PROXY
ADDED from [cn.jiguang:jpush:2.1.8] AndroidManifest.xml:98:17-94
	android:name
		ADDED from [cn.jiguang:jpush:2.1.8] AndroidManifest.xml:98:25-91
intent-filter#android.intent.action.USER_PRESENT+android.net.conn.CONNECTIVITY_CHANGE
ADDED from [cn.jiguang:jpush:2.1.8] AndroidManifest.xml:101:13-104:29
action#android.intent.action.USER_PRESENT
ADDED from [cn.jiguang:jpush:2.1.8] AndroidManifest.xml:102:17-77
	android:name
		ADDED from [cn.jiguang:jpush:2.1.8] AndroidManifest.xml:102:25-74
action#android.net.conn.CONNECTIVITY_CHANGE
ADDED from [cn.jiguang:jpush:2.1.8] AndroidManifest.xml:103:17-79
	android:name
		ADDED from [cn.jiguang:jpush:2.1.8] AndroidManifest.xml:103:25-76
intent-filter#android.intent.action.PACKAGE_ADDED+android.intent.action.PACKAGE_REMOVED
ADDED from [cn.jiguang:jpush:2.1.8] AndroidManifest.xml:106:13-111:29
action#android.intent.action.PACKAGE_ADDED
ADDED from [cn.jiguang:jpush:2.1.8] AndroidManifest.xml:107:17-78
	android:name
		ADDED from [cn.jiguang:jpush:2.1.8] AndroidManifest.xml:107:25-75
action#android.intent.action.PACKAGE_REMOVED
ADDED from [cn.jiguang:jpush:2.1.8] AndroidManifest.xml:108:17-80
	android:name
		ADDED from [cn.jiguang:jpush:2.1.8] AndroidManifest.xml:108:25-77
data
ADDED from [cn.jiguang:jpush:2.1.8] AndroidManifest.xml:110:17-50
	android:scheme
		ADDED from [cn.jiguang:jpush:2.1.8] AndroidManifest.xml:110:23-47
service#com.lzy.okserver.download.DownloadService
ADDED from [com.lzy.net:okserver:1.1.3] AndroidManifest.xml:12:9-77
	android:name
		ADDED from [com.lzy.net:okserver:1.1.3] AndroidManifest.xml:12:18-74